#options: 160x284 fps=30/1 timebase=1/30 bitdepth=8 cabac=1 ref=1 deblock=1:0:0 analyse=0x1:0 me=dia subme=2 psy=1 psy_rd=1.00:0.00 mixed_ref=0 me_range=16 chroma_me=1 trellis=0 8x8dct=0 cqm=0 deadzone=21,11 fast_pskip=1 chroma_qp_offset=0 threads=9 lookahead_threads=2 sliced_threads=0 nr=0 decimate=1 interlaced=0 bluray_compat=0 constrained_intra=0 bframes=3 b_pyramid=2 b_adapt=1 b_bias=0 direct=1 weightb=1 open_gop=0 weightp=2 keyint=250 keyint_min=25 scenecut=40 intra_refresh=0 rc_lookahead=40 rc=crf mbtree=1 crf=20.0 qcomp=0.60 qpmin=0 qpmax=69 qpstep=4 ip_ratio=1.40 aq=1:1.00
in:0 out:0 type:I dur:2 cpbdur:2 q:26.03 aq:22.01 tex:23365 mv:6076 misc:95 imb:180 pmb:0 smb:0 d:- ref:;
in:4 out:1 type:P dur:2 cpbdur:2 q:26.03 aq:21.59 tex:18085 mv:1416 misc:187 imb:43 pmb:119 smb:18 d:- ref:0 ;
in:2 out:2 type:B dur:2 cpbdur:2 q:26.03 aq:25.56 tex:6459 mv:1281 misc:196 imb:19 pmb:60 smb:101 d:- ref:0 ;
in:1 out:3 type:b dur:2 cpbdur:2 q:26.03 aq:20.00 tex:26 mv:67 misc:171 imb:0 pmb:23 smb:157 d:- ref:0 ;
in:3 out:4 type:b dur:2 cpbdur:2 q:26.03 aq:25.82 tex:7282 mv:1124 misc:178 imb:10 pmb:69 smb:101 d:- ref:0 ;
in:8 out:5 type:P dur:2 cpbdur:2 q:26.03 aq:23.93 tex:15291 mv:1288 misc:221 imb:51 pmb:94 smb:35 d:- ref:0 ;
in:6 out:6 type:B dur:2 cpbdur:2 q:26.03 aq:19.00 tex:75 mv:111 misc:190 imb:0 pmb:25 smb:155 d:- ref:0 ;
in:5 out:7 type:b dur:2 cpbdur:2 q:26.03 aq:21.00 tex:0 mv:0 misc:96 imb:0 pmb:0 smb:180 d:- ref:0 ;
in:7 out:8 type:b dur:2 cpbdur:2 q:26.03 aq:27.46 tex:6303 mv:1335 misc:194 imb:20 pmb:69 smb:91 d:- ref:0 ;
in:12 out:9 type:P dur:2 cpbdur:2 q:26.03 aq:26.58 tex:9761 mv:1155 misc:236 imb:34 pmb:74 smb:72 d:- ref:0 ;
in:10 out:10 type:B dur:2 cpbdur:2 q:26.03 aq:24.04 tex:8814 mv:1328 misc:242 imb:3 pmb:118 smb:59 d:- ref:0 ;
in:9 out:11 type:b dur:2 cpbdur:2 q:26.03 aq:20.00 tex:26 mv:80 misc:166 imb:0 pmb:24 smb:156 d:- ref:0 ;
in:11 out:12 type:b dur:2 cpbdur:2 q:26.03 aq:20.00 tex:19 mv:97 misc:204 imb:0 pmb:35 smb:145 d:- ref:0 ;
in:13 out:13 type:i dur:2 cpbdur:2 q:23.28 aq:19.30 tex:40354 mv:6728 misc:86 imb:180 pmb:0 smb:0 d:- ref:;
in:17 out:14 type:P dur:2 cpbdur:2 q:26.03 aq:22.39 tex:12968 mv:1109 misc:211 imb:32 pmb:103 smb:45 d:- ref:0 ;
in:15 out:15 type:B dur:2 cpbdur:2 q:26.03 aq:23.32 tex:3241 mv:1018 misc:197 imb:3 pmb:74 smb:103 d:- ref:0 ;
in:14 out:16 type:b dur:2 cpbdur:2 q:26.03 aq:26.00 tex:4 mv:3 misc:97 imb:0 pmb:1 smb:179 d:- ref:0 ;
in:16 out:17 type:b dur:2 cpbdur:2 q:26.03 aq:26.00 tex:4 mv:3 misc:97 imb:0 pmb:1 smb:179 d:- ref:0 ;
in:21 out:18 type:P dur:2 cpbdur:2 q:26.03 aq:24.24 tex:8306 mv:1043 misc:211 imb:22 pmb:111 smb:47 d:- ref:0 ;
in:19 out:19 type:B dur:2 cpbdur:2 q:26.03 aq:24.48 tex:529 mv:93 misc:202 imb:0 pmb:23 smb:157 d:- ref:0 ;
in:18 out:20 type:b dur:2 cpbdur:2 q:26.03 aq:20.22 tex:35 mv:67 misc:186 imb:0 pmb:21 smb:159 d:- ref:0 ;
in:20 out:21 type:b dur:2 cpbdur:2 q:26.03 aq:26.13 tex:38 mv:8 misc:114 imb:0 pmb:2 smb:178 d:- ref:0 ;
in:23 out:22 type:P dur:2 cpbdur:2 q:26.03 aq:23.19 tex:12652 mv:1353 misc:203 imb:32 pmb:107 smb:41 d:- ref:0 ;
in:22 out:23 type:b dur:2 cpbdur:2 q:26.03 aq:26.62 tex:3771 mv:1324 misc:217 imb:9 pmb:91 smb:80 d:- ref:0 ;
in:25 out:24 type:P dur:2 cpbdur:2 q:26.03 aq:22.49 tex:10969 mv:1260 misc:195 imb:29 pmb:100 smb:51 d:- ref:0 ;
in:24 out:25 type:b dur:2 cpbdur:2 q:26.03 aq:25.27 tex:117 mv:40 misc:147 imb:0 pmb:7 smb:173 d:- ref:0 ;
in:29 out:26 type:P dur:2 cpbdur:2 q:26.03 aq:22.41 tex:21085 mv:1699 misc:168 imb:52 pmb:111 smb:17 d:- ref:0 ;
in:27 out:27 type:B dur:2 cpbdur:2 q:26.03 aq:27.88 tex:4572 mv:1460 misc:224 imb:7 pmb:94 smb:79 d:- ref:0 ;
in:26 out:28 type:b dur:2 cpbdur:2 q:26.03 aq:25.18 tex:89 mv:38 misc:137 imb:0 pmb:5 smb:175 d:- ref:0 ;
in:28 out:29 type:b dur:2 cpbdur:2 q:26.03 aq:26.44 tex:2533 mv:999 misc:212 imb:4 pmb:77 smb:99 d:- ref:0 ;
in:31 out:30 type:P dur:2 cpbdur:2 q:26.03 aq:22.94 tex:7455 mv:852 misc:253 imb:8 pmb:117 smb:55 d:- ref:0 ;
in:30 out:31 type:b dur:2 cpbdur:2 q:26.03 aq:26.85 tex:92 mv:30 misc:134 imb:0 pmb:7 smb:173 d:- ref:0 ;
in:32 out:32 type:P dur:2 cpbdur:2 q:26.03 aq:22.72 tex:8795 mv:993 misc:252 imb:11 pmb:105 smb:64 d:- ref:0 ;
in:34 out:33 type:P dur:2 cpbdur:2 q:26.03 aq:21.81 tex:13643 mv:1136 misc:245 imb:25 pmb:108 smb:47 d:- ref:0 ;
in:33 out:34 type:b dur:2 cpbdur:2 q:26.03 aq:28.78 tex:2553 mv:965 misc:178 imb:1 pmb:69 smb:110 d:- ref:0 ;
in:38 out:35 type:P dur:2 cpbdur:2 q:26.03 aq:22.43 tex:12809 mv:1403 misc:172 imb:40 pmb:123 smb:17 d:- ref:0 ;
in:36 out:36 type:B dur:2 cpbdur:2 q:26.03 aq:27.91 tex:4233 mv:973 misc:194 imb:8 pmb:65 smb:107 d:- ref:0 ;
in:35 out:37 type:b dur:2 cpbdur:2 q:26.03 aq:26.00 tex:13 mv:3 misc:96 imb:0 pmb:1 smb:179 d:- ref:0 ;
in:37 out:38 type:b dur:2 cpbdur:2 q:26.03 aq:27.65 tex:2989 mv:1072 misc:179 imb:4 pmb:69 smb:107 d:- ref:0 ;
in:42 out:39 type:P dur:2 cpbdur:2 q:26.03 aq:22.97 tex:10174 mv:1137 misc:217 imb:43 pmb:97 smb:40 d:- ref:0 ;
in:40 out:40 type:B dur:2 cpbdur:2 q:26.03 aq:23.23 tex:4825 mv:760 misc:207 imb:8 pmb:67 smb:105 d:- ref:0 ;
in:39 out:41 type:b dur:2 cpbdur:2 q:26.03 aq:26.26 tex:2425 mv:758 misc:185 imb:5 pmb:52 smb:123 d:- ref:0 ;
in:41 out:42 type:b dur:2 cpbdur:2 q:26.03 aq:19.92 tex:87 mv:77 misc:172 imb:0 pmb:18 smb:162 d:- ref:0 ;
in:45 out:43 type:P dur:2 cpbdur:2 q:26.03 aq:22.64 tex:9060 mv:867 misc:233 imb:26 pmb:68 smb:86 d:- ref:0 ;
in:43 out:44 type:B dur:2 cpbdur:2 q:26.03 aq:24.96 tex:3209 mv:764 misc:195 imb:3 pmb:61 smb:116 d:- ref:0 ;
in:44 out:45 type:b dur:2 cpbdur:2 q:26.03 aq:25.38 tex:1843 mv:574 misc:183 imb:3 pmb:46 smb:131 d:- ref:0 ;
in:47 out:46 type:P dur:2 cpbdur:2 q:26.03 aq:24.64 tex:7614 mv:833 misc:233 imb:28 pmb:57 smb:95 d:- ref:0 ;
in:46 out:47 type:b dur:2 cpbdur:2 q:26.03 aq:21.00 tex:6 mv:4 misc:102 imb:0 pmb:1 smb:179 d:- ref:0 ;
in:51 out:48 type:P dur:2 cpbdur:2 q:26.03 aq:25.81 tex:8605 mv:963 misc:200 imb:41 pmb:53 smb:86 d:- ref:0 ;
in:49 out:49 type:B dur:2 cpbdur:2 q:26.03 aq:25.16 tex:8477 mv:1278 misc:189 imb:13 pmb:81 smb:86 d:- ref:0 ;
in:48 out:50 type:b dur:2 cpbdur:2 q:26.03 aq:26.06 tex:6064 mv:1031 misc:145 imb:12 pmb:79 smb:89 d:- ref:0 ;
in:50 out:51 type:b dur:2 cpbdur:2 q:26.03 aq:25.17 tex:243 mv:37 misc:160 imb:0 pmb:12 smb:168 d:- ref:0 ;
in:52 out:52 type:I dur:2 cpbdur:2 q:23.13 aq:19.51 tex:59634 mv:7529 misc:101 imb:180 pmb:0 smb:0 d:- ref:;
in:55 out:53 type:P dur:2 cpbdur:2 q:26.03 aq:21.90 tex:29239 mv:1574 misc:131 imb:17 pmb:156 smb:7 d:- ref:0 ;
in:53 out:54 type:B dur:2 cpbdur:2 q:26.03 aq:27.09 tex:6158 mv:1248 misc:226 imb:0 pmb:96 smb:84 d:- ref:0 ;
in:54 out:55 type:b dur:2 cpbdur:2 q:26.03 aq:26.00 tex:9 mv:41 misc:150 imb:0 pmb:18 smb:162 d:- ref:0 ;
in:57 out:56 type:P dur:2 cpbdur:2 q:26.03 aq:22.53 tex:14859 mv:1000 misc:189 imb:1 pmb:158 smb:21 d:- ref:0 ;
in:56 out:57 type:b dur:2 cpbdur:2 q:26.03 aq:26.00 tex:13 mv:53 misc:182 imb:0 pmb:29 smb:151 d:- ref:0 ;
in:58 out:58 type:P dur:2 cpbdur:2 q:26.03 aq:22.24 tex:15985 mv:906 misc:197 imb:1 pmb:144 smb:35 d:- ref:0 ;
in:59 out:59 type:P dur:2 cpbdur:2 q:26.03 aq:21.83 tex:17539 mv:974 misc:175 imb:1 pmb:160 smb:19 d:- ref:0 ;
in:61 out:60 type:P dur:2 cpbdur:2 q:26.03 aq:22.17 tex:16609 mv:912 misc:183 imb:0 pmb:162 smb:18 d:- ref:0 ;
in:60 out:61 type:b dur:2 cpbdur:2 q:26.03 aq:24.40 tex:44 mv:106 misc:226 imb:0 pmb:47 smb:133 d:- ref:0 ;
in:62 out:62 type:P dur:2 cpbdur:2 q:26.03 aq:22.07 tex:13143 mv:803 misc:230 imb:0 pmb:132 smb:48 d:- ref:0 ;
in:63 out:63 type:P dur:2 cpbdur:2 q:26.03 aq:22.20 tex:12131 mv:748 misc:217 imb:1 pmb:128 smb:51 d:- ref:0 ;
in:64 out:64 type:P dur:2 cpbdur:2 q:26.03 aq:22.26 tex:11826 mv:769 misc:221 imb:0 pmb:133 smb:47 d:- ref:0 ;
in:66 out:65 type:P dur:2 cpbdur:2 q:26.03 aq:22.61 tex:11015 mv:792 misc:233 imb:0 pmb:127 smb:53 d:- ref:0 ;
in:65 out:66 type:b dur:2 cpbdur:2 q:26.03 aq:28.11 tex:41 mv:54 misc:193 imb:0 pmb:34 smb:146 d:- ref:0 ;
in:70 out:67 type:P dur:2 cpbdur:2 q:26.03 aq:22.94 tex:21098 mv:1271 misc:191 imb:15 pmb:112 smb:53 d:- ref:0 ;
in:68 out:68 type:B dur:2 cpbdur:2 q:26.03 aq:27.64 tex:5805 mv:1266 misc:217 imb:0 pmb:78 smb:102 d:- ref:0 ;
in:67 out:69 type:b dur:2 cpbdur:2 q:26.03 aq:29.12 tex:2433 mv:936 misc:191 imb:0 pmb:54 smb:126 d:- ref:0 ;
in:69 out:70 type:b dur:2 cpbdur:2 q:26.03 aq:28.99 tex:2026 mv:791 misc:215 imb:0 pmb:51 smb:129 d:- ref:0 ;
in:72 out:71 type:P dur:2 cpbdur:2 q:26.03 aq:23.83 tex:9465 mv:885 misc:226 imb:1 pmb:116 smb:63 d:- ref:0 ;
in:71 out:72 type:b dur:2 cpbdur:2 q:26.03 aq:26.00 tex:12 mv:122 misc:202 imb:0 pmb:35 smb:145 d:- ref:0 ;
in:73 out:73 type:P dur:2 cpbdur:2 q:26.03 aq:23.88 tex:10026 mv:863 misc:223 imb:0 pmb:113 smb:67 d:- ref:0 ;
in:74 out:74 type:P dur:2 cpbdur:2 q:26.03 aq:23.56 tex:11593 mv:912 misc:207 imb:3 pmb:115 smb:62 d:- ref:0 ;
in:76 out:75 type:P dur:2 cpbdur:2 q:26.03 aq:24.02 tex:10554 mv:900 misc:218 imb:1 pmb:118 smb:61 d:- ref:0 ;
in:75 out:76 type:b dur:2 cpbdur:2 q:26.03 aq:26.00 tex:8 mv:54 misc:178 imb:0 pmb:26 smb:154 d:- ref:0 ;
in:80 out:77 type:P dur:2 cpbdur:2 q:26.03 aq:25.91 tex:14083 mv:1219 misc:202 imb:14 pmb:102 smb:64 d:- ref:0 ;
in:78 out:78 type:B dur:2 cpbdur:2 q:26.03 aq:26.53 tex:5645 mv:1230 misc:237 imb:0 pmb:97 smb:83 d:- ref:0 ;
in:77 out:79 type:b dur:2 cpbdur:2 q:26.03 aq:28.86 tex:2460 mv:892 misc:224 imb:0 pmb:60 smb:120 d:- ref:0 ;
in:79 out:80 type:b dur:2 cpbdur:2 q:26.03 aq:29.17 tex:1944 mv:762 misc:230 imb:0 pmb:65 smb:115 d:- ref:0 ;
in:81 out:81 type:P dur:2 cpbdur:2 q:26.03 aq:29.33 tex:25 mv:2 misc:125 imb:0 pmb:1 smb:179 d:- ref:0 ;
in:82 out:82 type:I dur:2 cpbdur:2 q:23.12 aq:19.28 tex:38082 mv:6794 misc:92 imb:180 pmb:0 smb:0 d:- ref:;
in:86 out:83 type:P dur:2 cpbdur:2 q:26.03 aq:22.97 tex:13634 mv:1168 misc:198 imb:25 pmb:109 smb:46 d:- ref:0 ;
in:84 out:84 type:B dur:2 cpbdur:2 q:26.03 aq:24.89 tex:686 mv:37 misc:205 imb:0 pmb:27 smb:153 d:- ref:0 ;
in:83 out:85 type:b dur:2 cpbdur:2 q:26.03 aq:27.01 tex:5575 mv:1257 misc:160 imb:9 pmb:68 smb:103 d:- ref:0 ;
in:85 out:86 type:b dur:2 cpbdur:2 q:26.03 aq:25.00 tex:3 mv:10 misc:115 imb:0 pmb:3 smb:177 d:- ref:0 ;
in:90 out:87 type:P dur:2 cpbdur:2 q:26.03 aq:21.59 tex:16832 mv:1442 misc:174 imb:34 pmb:129 smb:17 d:- ref:0 ;
in:88 out:88 type:B dur:2 cpbdur:2 q:26.03 aq:26.38 tex:4256 mv:1009 misc:215 imb:4 pmb:73 smb:103 d:- ref:0 ;
in:87 out:89 type:b dur:2 cpbdur:2 q:26.03 aq:26.24 tex:2914 mv:886 misc:192 imb:7 pmb:56 smb:117 d:- ref:0 ;
in:89 out:90 type:b dur:2 cpbdur:2 q:26.03 aq:20.56 tex:45 mv:84 misc:159 imb:0 pmb:18 smb:162 d:- ref:0 ;
in:94 out:91 type:P dur:2 cpbdur:2 q:26.03 aq:22.16 tex:10730 mv:994 misc:244 imb:37 pmb:98 smb:45 d:- ref:0 ;
in:92 out:92 type:B dur:2 cpbdur:2 q:26.03 aq:24.86 tex:142 mv:92 misc:182 imb:0 pmb:23 smb:157 d:- ref:0 ;
in:91 out:93 type:b dur:2 cpbdur:2 q:26.03 aq:20.56 tex:22 mv:4 misc:102 imb:0 pmb:1 smb:179 d:- ref:0 ;
in:93 out:94 type:b dur:2 cpbdur:2 q:26.03 aq:26.97 tex:3694 mv:864 misc:202 imb:5 pmb:52 smb:123 d:- ref:0 ;
in:98 out:95 type:P dur:2 cpbdur:2 q:26.03 aq:22.73 tex:5446 mv:724 misc:254 imb:11 pmb:83 smb:86 d:- ref:0 ;
in:96 out:96 type:B dur:2 cpbdur:2 q:26.03 aq:23.42 tex:2055 mv:382 misc:227 imb:1 pmb:52 smb:127 d:- ref:0 ;
in:95 out:97 type:b dur:2 cpbdur:2 q:26.03 aq:20.31 tex:45 mv:13 misc:118 imb:0 pmb:4 smb:176 d:- ref:0 ;
in:97 out:98 type:b dur:2 cpbdur:2 q:26.03 aq:20.31 tex:39 mv:11 misc:118 imb:0 pmb:3 smb:177 d:- ref:0 ;
in:102 out:99 type:P dur:2 cpbdur:2 q:26.03 aq:23.03 tex:1622 mv:444 misc:270 imb:10 pmb:57 smb:113 d:- ref:0 ;
in:100 out:100 type:B dur:2 cpbdur:2 q:26.03 aq:21.62 tex:133 mv:109 misc:190 imb:0 pmb:21 smb:159 d:- ref:0 ;
in:99 out:101 type:b dur:2 cpbdur:2 q:26.03 aq:27.12 tex:320 mv:112 misc:160 imb:0 pmb:16 smb:164 d:- ref:0 ;
in:101 out:102 type:b dur:2 cpbdur:2 q:26.03 aq:20.00 tex:2 mv:10 misc:116 imb:0 pmb:2 smb:178 d:- ref:0 ;
in:103 out:103 type:P dur:2 cpbdur:2 q:26.03 aq:23.87 tex:218 mv:57 misc:181 imb:1 pmb:9 smb:170 d:- ref:0 ;
in:104 out:104 type:i dur:2 cpbdur:2 q:23.12 aq:17.84 tex:77994 mv:8429 misc:97 imb:180 pmb:0 smb:0 d:- ref:;
in:106 out:105 type:P dur:2 cpbdur:2 q:26.03 aq:21.21 tex:5355 mv:341 misc:288 imb:3 pmb:60 smb:117 d:- ref:0 ;
in:105 out:106 type:b dur:2 cpbdur:2 q:26.03 aq:24.00 tex:14 mv:37 misc:165 imb:0 pmb:18 smb:162 d:- ref:0 ;
in:110 out:107 type:P dur:2 cpbdur:2 q:26.03 aq:21.03 tex:23050 mv:667 misc:219 imb:33 pmb:64 smb:83 d:- ref:0 ;
in:108 out:108 type:B dur:2 cpbdur:2 q:26.03 aq:25.03 tex:5851 mv:662 misc:183 imb:8 pmb:56 smb:116 d:- ref:0 ;
in:107 out:109 type:b dur:2 cpbdur:2 q:26.03 aq:24.00 tex:18 mv:55 misc:175 imb:0 pmb:23 smb:157 d:- ref:0 ;
in:109 out:110 type:b dur:2 cpbdur:2 q:26.03 aq:26.28 tex:3252 mv:641 misc:171 imb:1 pmb:58 smb:121 d:- ref:0 ;
in:112 out:111 type:P dur:2 cpbdur:2 q:26.03 aq:21.44 tex:242 mv:42 misc:212 imb:0 pmb:15 smb:165 d:- ref:0 ;
in:111 out:112 type:b dur:2 cpbdur:2 q:26.03 aq:24.00 tex:0 mv:0 misc:96 imb:0 pmb:0 smb:180 d:- ref:0 ;
in:115 out:113 type:P dur:2 cpbdur:2 q:26.03 aq:21.63 tex:12587 mv:526 misc:215 imb:6 pmb:79 smb:95 d:- ref:0 ;
in:113 out:114 type:B dur:2 cpbdur:2 q:26.03 aq:25.39 tex:2863 mv:439 misc:202 imb:0 pmb:42 smb:138 d:- ref:0 ;
in:114 out:115 type:b dur:2 cpbdur:2 q:26.03 aq:26.12 tex:2193 mv:348 misc:147 imb:0 pmb:24 smb:156 d:- ref:0 ;
in:119 out:116 type:P dur:2 cpbdur:2 q:26.03 aq:25.44 tex:4838 mv:430 misc:196 imb:5 pmb:40 smb:135 d:- ref:0 ;
in:117 out:117 type:B dur:2 cpbdur:2 q:26.03 aq:24.14 tex:153 mv:76 misc:195 imb:0 pmb:25 smb:155 d:- ref:0 ;
in:116 out:118 type:b dur:2 cpbdur:2 q:26.03 aq:24.00 tex:0 mv:0 misc:96 imb:0 pmb:0 smb:180 d:- ref:0 ;
in:118 out:119 type:b dur:2 cpbdur:2 q:26.03 aq:25.91 tex:2335 mv:320 misc:153 imb:1 pmb:27 smb:152 d:- ref:0 ;
in:120 out:120 type:I dur:2 cpbdur:2 q:23.12 aq:18.54 tex:72232 mv:7784 misc:96 imb:180 pmb:0 smb:0 d:- ref:;
in:122 out:121 type:P dur:2 cpbdur:2 q:26.03 aq:22.91 tex:6538 mv:630 misc:224 imb:0 pmb:93 smb:87 d:- ref:0 ;
in:121 out:122 type:b dur:2 cpbdur:2 q:26.03 aq:26.00 tex:3 mv:44 misc:169 imb:0 pmb:24 smb:156 d:- ref:0 ;
in:123 out:123 type:P dur:2 cpbdur:2 q:26.03 aq:22.33 tex:8752 mv:653 misc:219 imb:1 pmb:101 smb:78 d:- ref:0 ;
in:124 out:124 type:P dur:2 cpbdur:2 q:26.03 aq:22.08 tex:8750 mv:683 misc:207 imb:0 pmb:108 smb:72 d:- ref:0 ;
in:125 out:125 type:P dur:2 cpbdur:2 q:26.03 aq:21.70 tex:9345 mv:608 misc:215 imb:0 pmb:108 smb:72 d:- ref:0 ;
in:129 out:126 type:P dur:2 cpbdur:2 q:26.03 aq:21.95 tex:11445 mv:823 misc:204 imb:5 pmb:109 smb:66 d:- ref:0 ;
in:127 out:127 type:B dur:2 cpbdur:2 q:26.03 aq:25.50 tex:2199 mv:790 misc:235 imb:0 pmb:76 smb:104 d:- ref:0 ;
in:126 out:128 type:b dur:2 cpbdur:2 q:26.03 aq:26.00 tex:3 mv:49 misc:172 imb:0 pmb:22 smb:158 d:- ref:0 ;
in:128 out:129 type:b dur:2 cpbdur:2 q:26.03 aq:26.68 tex:352 mv:418 misc:190 imb:0 pmb:36 smb:144 d:- ref:0 ;
in:132 out:130 type:P dur:2 cpbdur:2 q:26.03 aq:24.35 tex:4660 mv:543 misc:221 imb:0 pmb:88 smb:92 d:- ref:0 ;
in:130 out:131 type:B dur:2 cpbdur:2 q:26.03 aq:28.23 tex:309 mv:375 misc:212 imb:0 pmb:35 smb:145 d:- ref:0 ;
in:131 out:132 type:b dur:2 cpbdur:2 q:26.03 aq:26.00 tex:6 mv:41 misc:177 imb:0 pmb:19 smb:161 d:- ref:0 ;
in:133 out:133 type:P dur:2 cpbdur:2 q:26.03 aq:24.31 tex:4764 mv:487 misc:245 imb:0 pmb:85 smb:95 d:- ref:0 ;
in:134 out:134 type:P dur:2 cpbdur:2 q:26.03 aq:25.03 tex:6945 mv:715 misc:188 imb:2 pmb:91 smb:87 d:- ref:0 ;
in:137 out:135 type:P dur:2 cpbdur:2 q:26.03 aq:27.31 tex:6317 mv:862 misc:197 imb:6 pmb:85 smb:89 d:- ref:0 ;
in:135 out:136 type:B dur:2 cpbdur:2 q:26.03 aq:24.13 tex:247 mv:71 misc:202 imb:0 pmb:27 smb:153 d:- ref:0 ;
in:136 out:137 type:b dur:2 cpbdur:2 q:26.03 aq:23.32 tex:69 mv:20 misc:127 imb:0 pmb:4 smb:176 d:- ref:0 ;
in:138 out:138 type:i dur:2 cpbdur:2 q:23.12 aq:18.90 tex:45827 mv:6954 misc:91 imb:180 pmb:0 smb:0 d:- ref:;
in:139 out:139 type:P dur:2 cpbdur:2 q:26.03 aq:22.06 tex:13115 mv:1290 misc:155 imb:14 pmb:140 smb:26 d:- ref:0 ;
in:141 out:140 type:P dur:2 cpbdur:2 q:26.03 aq:20.50 tex:23592 mv:1634 misc:190 imb:27 pmb:129 smb:24 d:- ref:0 ;
in:140 out:141 type:b dur:2 cpbdur:2 q:26.03 aq:27.17 tex:2059 mv:1244 misc:265 imb:0 pmb:89 smb:91 d:- ref:0 ;
in:145 out:142 type:P dur:2 cpbdur:2 q:26.03 aq:20.49 tex:21480 mv:1510 misc:154 imb:19 pmb:137 smb:24 d:- ref:0 ;
in:143 out:143 type:B dur:2 cpbdur:2 q:26.03 aq:26.41 tex:2003 mv:1208 misc:269 imb:0 pmb:99 smb:81 d:- ref:0 ;
in:142 out:144 type:b dur:2 cpbdur:2 q:26.03 aq:23.00 tex:17 mv:141 misc:218 imb:0 pmb:39 smb:141 d:- ref:0 ;
in:144 out:145 type:b dur:2 cpbdur:2 q:26.03 aq:28.91 tex:1121 mv:675 misc:260 imb:0 pmb:61 smb:119 d:- ref:0 ;
in:147 out:146 type:P dur:2 cpbdur:2 q:26.03 aq:20.62 tex:12911 mv:883 misc:206 imb:5 pmb:140 smb:35 d:- ref:0 ;
in:146 out:147 type:b dur:2 cpbdur:2 q:26.03 aq:21.90 tex:21 mv:13 misc:118 imb:0 pmb:4 smb:176 d:- ref:0 ;
in:151 out:148 type:P dur:2 cpbdur:2 q:26.03 aq:19.99 tex:25395 mv:1440 misc:157 imb:21 pmb:135 smb:24 d:- ref:0 ;
in:149 out:149 type:B dur:2 cpbdur:2 q:26.03 aq:25.88 tex:3569 mv:1220 misc:259 imb:0 pmb:105 smb:75 d:- ref:0 ;
in:148 out:150 type:b dur:2 cpbdur:2 q:26.03 aq:26.39 tex:1119 mv:624 misc:233 imb:0 pmb:53 smb:127 d:- ref:0 ;
in:150 out:151 type:b dur:2 cpbdur:2 q:26.03 aq:24.88 tex:622 mv:379 misc:223 imb:0 pmb:40 smb:140 d:- ref:0 ;
in:155 out:152 type:P dur:2 cpbdur:2 q:26.03 aq:20.12 tex:14563 mv:849 misc:188 imb:4 pmb:146 smb:30 d:- ref:0 ;
in:153 out:153 type:B dur:2 cpbdur:2 q:26.03 aq:24.54 tex:1170 mv:579 misc:259 imb:0 pmb:65 smb:115 d:- ref:0 ;
in:152 out:154 type:b dur:2 cpbdur:2 q:26.03 aq:21.13 tex:81 mv:140 misc:235 imb:0 pmb:40 smb:140 d:- ref:0 ;
in:154 out:155 type:b dur:2 cpbdur:2 q:26.03 aq:24.19 tex:479 mv:232 misc:201 imb:0 pmb:26 smb:154 d:- ref:0 ;
in:159 out:156 type:P dur:2 cpbdur:2 q:26.03 aq:20.73 tex:11028 mv:769 misc:195 imb:5 pmb:140 smb:35 d:- ref:0 ;
in:157 out:157 type:B dur:2 cpbdur:2 q:26.03 aq:23.00 tex:1124 mv:481 misc:243 imb:0 pmb:50 smb:130 d:- ref:0 ;
in:156 out:158 type:b dur:2 cpbdur:2 q:26.03 aq:22.10 tex:33 mv:70 misc:201 imb:0 pmb:29 smb:151 d:- ref:0 ;
in:158 out:159 type:b dur:2 cpbdur:2 q:26.03 aq:22.93 tex:154 mv:57 misc:141 imb:0 pmb:9 smb:171 d:- ref:0 ;
in:161 out:160 type:P dur:2 cpbdur:2 q:26.03 aq:20.38 tex:9199 mv:629 misc:204 imb:4 pmb:139 smb:37 d:- ref:0 ;
in:160 out:161 type:b dur:2 cpbdur:2 q:26.03 aq:26.39 tex:295 mv:140 misc:141 imb:0 pmb:12 smb:168 d:- ref:0 ;
in:165 out:162 type:P dur:2 cpbdur:2 q:26.03 aq:21.71 tex:8549 mv:725 misc:206 imb:1 pmb:133 smb:46 d:- ref:0 ;
in:163 out:163 type:B dur:2 cpbdur:2 q:26.03 aq:24.51 tex:935 mv:363 misc:230 imb:0 pmb:42 smb:138 d:- ref:0 ;
in:162 out:164 type:b dur:2 cpbdur:2 q:26.03 aq:23.00 tex:7 mv:43 misc:166 imb:0 pmb:19 smb:161 d:- ref:0 ;
in:164 out:165 type:b dur:2 cpbdur:2 q:26.03 aq:27.03 tex:478 mv:179 misc:151 imb:0 pmb:22 smb:158 d:- ref:0 ;
in:169 out:166 type:P dur:2 cpbdur:2 q:26.03 aq:22.35 tex:6931 mv:681 misc:228 imb:3 pmb:127 smb:50 d:- ref:0 ;
in:167 out:167 type:B dur:2 cpbdur:2 q:26.03 aq:23.40 tex:1180 mv:363 misc:225 imb:0 pmb:44 smb:136 d:- ref:0 ;
in:166 out:168 type:b dur:2 cpbdur:2 q:26.03 aq:21.60 tex:37 mv:86 misc:165 imb:0 pmb:21 smb:159 d:- ref:0 ;
in:168 out:169 type:b dur:2 cpbdur:2 q:26.03 aq:24.49 tex:158 mv:75 misc:135 imb:0 pmb:8 smb:172 d:- ref:0 ;
in:173 out:170 type:P dur:2 cpbdur:2 q:26.03 aq:23.60 tex:6159 mv:665 misc:256 imb:0 pmb:117 smb:63 d:- ref:0 ;
in:171 out:171 type:B dur:2 cpbdur:2 q:26.03 aq:23.97 tex:987 mv:269 misc:216 imb:0 pmb:37 smb:143 d:- ref:0 ;
in:170 out:172 type:b dur:2 cpbdur:2 q:26.03 aq:26.76 tex:187 mv:145 misc:140 imb:0 pmb:13 smb:167 d:- ref:0 ;
in:172 out:173 type:b dur:2 cpbdur:2 q:26.03 aq:23.00 tex:10 mv:57 misc:173 imb:0 pmb:19 smb:161 d:- ref:0 ;
in:177 out:174 type:P dur:2 cpbdur:2 q:26.03 aq:25.49 tex:5913 mv:973 misc:234 imb:10 pmb:114 smb:56 d:- ref:0 ;
in:175 out:175 type:B dur:2 cpbdur:2 q:26.03 aq:23.66 tex:994 mv:578 misc:260 imb:0 pmb:66 smb:114 d:- ref:0 ;
in:174 out:176 type:b dur:2 cpbdur:2 q:26.03 aq:26.49 tex:271 mv:128 misc:169 imb:0 pmb:17 smb:163 d:- ref:0 ;
in:176 out:177 type:b dur:2 cpbdur:2 q:26.03 aq:24.90 tex:150 mv:103 misc:243 imb:0 pmb:49 smb:131 d:- ref:0 ;
in:178 out:178 type:P dur:2 cpbdur:2 q:26.03 aq:26.68 tex:3771 mv:640 misc:245 imb:5 pmb:107 smb:68 d:- ref:0 ;
in:179 out:179 type:I dur:2 cpbdur:2 q:23.12 aq:19.64 tex:26485 mv:6734 misc:93 imb:180 pmb:0 smb:0 d:- ref:;
in:183 out:180 type:P dur:2 cpbdur:2 q:26.03 aq:23.88 tex:18331 mv:2105 misc:148 imb:56 pmb:116 smb:8 d:- ref:0 ;
in:181 out:181 type:B dur:2 cpbdur:2 q:26.03 aq:21.67 tex:6210 mv:1858 misc:236 imb:6 pmb:138 smb:36 d:- ref:0 ;
in:180 out:182 type:b dur:2 cpbdur:2 q:26.03 aq:31.21 tex:35 mv:59 misc:170 imb:0 pmb:11 smb:169 d:- ref:0 ;
in:182 out:183 type:b dur:2 cpbdur:2 q:26.03 aq:32.00 tex:5 mv:56 misc:163 imb:0 pmb:10 smb:170 d:- ref:0 ;
in:184 out:184 type:P dur:2 cpbdur:2 q:26.03 aq:23.19 tex:15147 mv:1784 misc:165 imb:42 pmb:129 smb:9 d:- ref:0 ;
in:188 out:185 type:P dur:2 cpbdur:2 q:26.03 aq:22.95 tex:21707 mv:1892 misc:129 imb:76 pmb:99 smb:5 d:- ref:0 ;
in:186 out:186 type:B dur:2 cpbdur:2 q:26.03 aq:22.92 tex:11163 mv:2308 misc:185 imb:12 pmb:154 smb:14 d:- ref:0 ;
in:185 out:187 type:b dur:2 cpbdur:2 q:26.03 aq:18.00 tex:37 mv:15 misc:124 imb:0 pmb:4 smb:176 d:- ref:0 ;
in:187 out:188 type:b dur:2 cpbdur:2 q:26.03 aq:18.00 tex:37 mv:15 misc:124 imb:0 pmb:4 smb:176 d:- ref:0 ;
in:190 out:189 type:P dur:2 cpbdur:2 q:26.03 aq:22.44 tex:16867 mv:1601 misc:156 imb:36 pmb:137 smb:7 d:- ref:0 ;
in:189 out:190 type:b dur:2 cpbdur:2 q:26.03 aq:27.16 tex:4231 mv:1398 misc:235 imb:13 pmb:88 smb:79 d:- ref:0 ;
in:194 out:191 type:P dur:2 cpbdur:2 q:26.03 aq:23.96 tex:10986 mv:1444 misc:202 imb:39 pmb:113 smb:28 d:- ref:0 ;
in:192 out:192 type:B dur:2 cpbdur:2 q:26.03 aq:19.21 tex:85 mv:25 misc:130 imb:1 pmb:3 smb:176 d:- ref:0 ;
in:191 out:193 type:b dur:2 cpbdur:2 q:26.03 aq:20.66 tex:16 mv:4 misc:100 imb:0 pmb:1 smb:179 d:- ref:0 ;
in:193 out:194 type:b dur:2 cpbdur:2 q:26.03 aq:25.86 tex:2772 mv:1325 misc:239 imb:6 pmb:111 smb:63 d:- ref:0 ;
in:196 out:195 type:P dur:2 cpbdur:2 q:26.03 aq:23.83 tex:10229 mv:1307 misc:224 imb:30 pmb:118 smb:32 d:- ref:0 ;
in:195 out:196 type:b dur:2 cpbdur:2 q:26.03 aq:27.81 tex:2148 mv:1129 misc:235 imb:4 pmb:86 smb:90 d:- ref:0 ;
in:197 out:197 type:P dur:2 cpbdur:2 q:26.03 aq:21.99 tex:397 mv:50 misc:169 imb:0 pmb:11 smb:169 d:- ref:0 ;
in:198 out:198 type:i dur:2 cpbdur:2 q:23.12 aq:18.02 tex:81900 mv:8482 misc:90 imb:180 pmb:0 smb:0 d:- ref:;
in:199 out:199 type:P dur:2 cpbdur:2 q:26.03 aq:20.99 tex:3666 mv:411 misc:219 imb:1 pmb:66 smb:113 d:- ref:0 ;
in:200 out:200 type:P dur:2 cpbdur:2 q:26.03 aq:21.21 tex:5444 mv:363 misc:233 imb:0 pmb:85 smb:95 d:- ref:0 ;
in:202 out:201 type:P dur:2 cpbdur:2 q:26.03 aq:20.84 tex:6008 mv:451 misc:213 imb:2 pmb:106 smb:72 d:- ref:0 ;
in:201 out:202 type:b dur:2 cpbdur:2 q:26.03 aq:26.20 tex:121 mv:53 misc:170 imb:0 pmb:17 smb:163 d:- ref:0 ;
in:206 out:203 type:P dur:2 cpbdur:2 q:26.03 aq:20.66 tex:19699 mv:871 misc:198 imb:29 pmb:101 smb:50 d:- ref:0 ;
in:204 out:204 type:B dur:2 cpbdur:2 q:26.03 aq:24.39 tex:3479 mv:636 misc:189 imb:0 pmb:45 smb:135 d:- ref:0 ;
in:203 out:205 type:b dur:2 cpbdur:2 q:26.03 aq:27.16 tex:1841 mv:346 misc:125 imb:0 pmb:26 smb:154 d:- ref:0 ;
in:205 out:206 type:b dur:2 cpbdur:2 q:26.03 aq:25.56 tex:2253 mv:505 misc:170 imb:0 pmb:40 smb:140 d:- ref:0 ;
in:210 out:207 type:P dur:2 cpbdur:2 q:26.03 aq:21.98 tex:7817 mv:553 misc:254 imb:8 pmb:73 smb:99 d:- ref:0 ;
in:208 out:208 type:B dur:2 cpbdur:2 q:26.03 aq:25.58 tex:2366 mv:445 misc:165 imb:0 pmb:38 smb:142 d:- ref:0 ;
in:207 out:209 type:b dur:2 cpbdur:2 q:26.03 aq:24.00 tex:6 mv:38 misc:132 imb:0 pmb:12 smb:168 d:- ref:0 ;
in:209 out:210 type:b dur:2 cpbdur:2 q:26.03 aq:25.54 tex:1406 mv:382 misc:124 imb:0 pmb:27 smb:153 d:- ref:0 ;
in:214 out:211 type:P dur:2 cpbdur:2 q:26.03 aq:22.83 tex:7634 mv:575 misc:231 imb:12 pmb:81 smb:87 d:- ref:0 ;
in:212 out:212 type:B dur:2 cpbdur:2 q:26.03 aq:24.07 tex:3046 mv:391 misc:171 imb:1 pmb:37 smb:142 d:- ref:0 ;
in:211 out:213 type:b dur:2 cpbdur:2 q:26.03 aq:24.00 tex:32 mv:37 misc:163 imb:0 pmb:13 smb:167 d:- ref:0 ;
in:213 out:214 type:b dur:2 cpbdur:2 q:26.03 aq:26.30 tex:1945 mv:284 misc:155 imb:1 pmb:30 smb:149 d:- ref:0 ;
in:216 out:215 type:P dur:2 cpbdur:2 q:26.03 aq:22.82 tex:7501 mv:701 misc:206 imb:15 pmb:67 smb:98 d:- ref:0 ;
in:215 out:216 type:b dur:2 cpbdur:2 q:26.03 aq:25.70 tex:2175 mv:519 misc:186 imb:0 pmb:46 smb:134 d:- ref:0 ;
in:218 out:217 type:P dur:2 cpbdur:2 q:26.03 aq:25.29 tex:8082 mv:870 misc:208 imb:16 pmb:87 smb:77 d:- ref:0 ;
in:217 out:218 type:b dur:2 cpbdur:2 q:26.03 aq:24.00 tex:32 mv:62 misc:186 imb:0 pmb:27 smb:153 d:- ref:0 ;
in:219 out:219 type:I dur:2 cpbdur:2 q:23.12 aq:18.41 tex:68098 mv:7153 misc:101 imb:180 pmb:0 smb:0 d:- ref:;
in:223 out:220 type:P dur:2 cpbdur:2 q:26.03 aq:20.84 tex:8339 mv:740 misc:201 imb:1 pmb:95 smb:84 d:- ref:0 ;
in:221 out:221 type:B dur:2 cpbdur:2 q:26.03 aq:24.14 tex:1877 mv:607 misc:196 imb:0 pmb:60 smb:120 d:- ref:0 ;
in:220 out:222 type:b dur:2 cpbdur:2 q:26.03 aq:28.00 tex:3 mv:3 misc:106 imb:0 pmb:1 smb:179 d:- ref:0 ;
in:222 out:223 type:b dur:2 cpbdur:2 q:26.03 aq:28.00 tex:6 mv:11 misc:119 imb:0 pmb:3 smb:177 d:- ref:0 ;
in:225 out:224 type:P dur:2 cpbdur:2 q:26.03 aq:21.47 tex:9957 mv:793 misc:226 imb:8 pmb:92 smb:80 d:- ref:0 ;
in:224 out:225 type:b dur:2 cpbdur:2 q:26.03 aq:29.79 tex:961 mv:515 misc:180 imb:0 pmb:36 smb:144 d:- ref:0 ;
in:229 out:226 type:P dur:2 cpbdur:2 q:26.03 aq:22.01 tex:11742 mv:1086 misc:212 imb:27 pmb:83 smb:70 d:- ref:0 ;
in:227 out:227 type:B dur:2 cpbdur:2 q:26.03 aq:22.59 tex:670 mv:61 misc:149 imb:1 pmb:8 smb:171 d:- ref:0 ;
in:226 out:228 type:b dur:2 cpbdur:2 q:26.03 aq:22.44 tex:34 mv:13 misc:121 imb:0 pmb:4 smb:176 d:- ref:0 ;
in:228 out:229 type:b dur:2 cpbdur:2 q:26.03 aq:26.44 tex:3622 mv:933 misc:197 imb:1 pmb:62 smb:117 d:- ref:0 ;
in:232 out:230 type:P dur:2 cpbdur:2 q:26.03 aq:21.98 tex:6239 mv:979 misc:238 imb:21 pmb:95 smb:64 d:- ref:0 ;
in:230 out:231 type:B dur:2 cpbdur:2 q:26.03 aq:26.12 tex:1040 mv:596 misc:204 imb:2 pmb:43 smb:135 d:- ref:0 ;
in:231 out:232 type:b dur:2 cpbdur:2 q:26.03 aq:25.19 tex:115 mv:109 misc:184 imb:0 pmb:21 smb:159 d:- ref:0 ;
in:233 out:233 type:P dur:2 cpbdur:2 q:26.03 aq:21.82 tex:4832 mv:639 misc:249 imb:9 pmb:68 smb:103 d:- ref:0 ;
in:234 out:234 type:P dur:2 cpbdur:2 q:26.03 aq:22.37 tex:5079 mv:787 misc:254 imb:12 pmb:79 smb:89 d:- ref:0 ;
in:236 out:235 type:P dur:2 cpbdur:2 q:26.03 aq:21.61 tex:11484 mv:1094 misc:230 imb:39 pmb:90 smb:51 d:- ref:0 ;
in:235 out:236 type:b dur:2 cpbdur:2 q:26.03 aq:25.98 tex:2661 mv:743 misc:212 imb:4 pmb:61 smb:115 d:- ref:0 ;
in:239 out:237 type:P dur:2 cpbdur:2 q:26.03 aq:21.52 tex:13138 mv:1216 misc:222 imb:35 pmb:89 smb:56 d:- ref:0 ;
in:237 out:238 type:B dur:2 cpbdur:2 q:26.03 aq:22.81 tex:74 mv:15 misc:143 imb:0 pmb:4 smb:176 d:- ref:0 ;
in:238 out:239 type:b dur:2 cpbdur:2 q:26.03 aq:27.89 tex:4852 mv:857 misc:203 imb:6 pmb:61 smb:113 d:- ref:0 ;
in:242 out:240 type:P dur:2 cpbdur:2 q:26.03 aq:22.24 tex:6563 mv:963 misc:210 imb:20 pmb:105 smb:55 d:- ref:0 ;
in:240 out:241 type:B dur:2 cpbdur:2 q:26.03 aq:26.21 tex:1699 mv:537 misc:220 imb:0 pmb:44 smb:136 d:- ref:0 ;
in:241 out:242 type:b dur:2 cpbdur:2 q:26.03 aq:20.00 tex:6 mv:4 misc:102 imb:0 pmb:1 smb:179 d:- ref:0 ;
in:243 out:243 type:P dur:2 cpbdur:2 q:26.03 aq:23.03 tex:4992 mv:542 misc:266 imb:3 pmb:85 smb:92 d:- ref:0 ;
in:245 out:244 type:P dur:2 cpbdur:2 q:26.03 aq:22.15 tex:9387 mv:993 misc:236 imb:22 pmb:92 smb:66 d:- ref:0 ;
in:244 out:245 type:b dur:2 cpbdur:2 q:26.03 aq:29.16 tex:2183 mv:538 misc:159 imb:0 pmb:38 smb:142 d:- ref:0 ;
in:249 out:246 type:P dur:2 cpbdur:2 q:26.03 aq:22.90 tex:8789 mv:921 misc:202 imb:38 pmb:86 smb:56 d:- ref:0 ;
in:247 out:247 type:B dur:2 cpbdur:2 q:26.03 aq:24.48 tex:5797 mv:744 misc:243 imb:6 pmb:75 smb:99 d:- ref:0 ;
in:246 out:248 type:b dur:2 cpbdur:2 q:26.03 aq:25.57 tex:124 mv:104 misc:196 imb:0 pmb:30 smb:150 d:- ref:0 ;
in:248 out:249 type:b dur:2 cpbdur:2 q:26.03 aq:27.69 tex:3007 mv:685 misc:180 imb:6 pmb:45 smb:129 d:- ref:0 ;
in:253 out:250 type:P dur:2 cpbdur:2 q:26.03 aq:25.15 tex:7665 mv:857 misc:206 imb:48 pmb:59 smb:73 d:- ref:0 ;
in:251 out:251 type:B dur:2 cpbdur:2 q:26.03 aq:22.97 tex:4033 mv:983 misc:208 imb:11 pmb:75 smb:94 d:- ref:0 ;
in:250 out:252 type:b dur:2 cpbdur:2 q:26.03 aq:26.03 tex:1827 mv:633 misc:196 imb:8 pmb:44 smb:128 d:- ref:0 ;
in:252 out:253 type:b dur:2 cpbdur:2 q:26.03 aq:26.00 tex:7 mv:20 misc:125 imb:0 pmb:5 smb:175 d:- ref:0 ;
in:254 out:254 type:P dur:2 cpbdur:2 q:26.03 aq:26.43 tex:5090 mv:951 misc:183 imb:17 pmb:62 smb:101 d:- ref:0 ;
in:255 out:255 type:I dur:2 cpbdur:2 q:23.12 aq:17.59 tex:93306 mv:8712 misc:102 imb:180 pmb:0 smb:0 d:- ref:;
in:259 out:256 type:P dur:2 cpbdur:2 q:26.03 aq:20.82 tex:9768 mv:443 misc:229 imb:1 pmb:72 smb:107 d:- ref:0 ;
in:257 out:257 type:B dur:2 cpbdur:2 q:26.03 aq:23.96 tex:4062 mv:419 misc:151 imb:0 pmb:44 smb:136 d:- ref:0 ;
in:256 out:258 type:b dur:2 cpbdur:2 q:26.03 aq:27.23 tex:28 mv:35 misc:153 imb:0 pmb:19 smb:161 d:- ref:0 ;
in:258 out:259 type:b dur:2 cpbdur:2 q:26.03 aq:26.61 tex:1682 mv:310 misc:128 imb:0 pmb:33 smb:147 d:- ref:0 ;
in:261 out:260 type:P dur:2 cpbdur:2 q:26.03 aq:20.19 tex:10609 mv:366 misc:241 imb:0 pmb:74 smb:106 d:- ref:0 ;
in:260 out:261 type:b dur:2 cpbdur:2 q:26.03 aq:26.23 tex:2739 mv:388 misc:153 imb:1 pmb:39 smb:140 d:- ref:0 ;
in:263 out:262 type:P dur:2 cpbdur:2 q:26.03 aq:21.12 tex:4066 mv:384 misc:230 imb:0 pmb:55 smb:125 d:- ref:0 ;
in:262 out:263 type:b dur:2 cpbdur:2 q:26.03 aq:24.00 tex:7 mv:50 misc:135 imb:0 pmb:16 smb:164 d:- ref:0 ;
in:264 out:264 type:P dur:2 cpbdur:2 q:26.03 aq:20.79 tex:7028 mv:453 misc:191 imb:3 pmb:68 smb:109 d:- ref:0 ;
in:268 out:265 type:P dur:2 cpbdur:2 q:26.03 aq:22.21 tex:8841 mv:440 misc:199 imb:7 pmb:75 smb:98 d:- ref:0 ;
in:266 out:266 type:B dur:2 cpbdur:2 q:26.03 aq:23.56 tex:3126 mv:411 misc:143 imb:0 pmb:24 smb:156 d:- ref:0 ;
in:265 out:267 type:b dur:2 cpbdur:2 q:26.03 aq:24.12 tex:42 mv:40 misc:134 imb:0 pmb:19 smb:161 d:- ref:0 ;
in:267 out:268 type:b dur:2 cpbdur:2 q:26.03 aq:24.12 tex:34 mv:48 misc:150 imb:0 pmb:21 smb:159 d:- ref:0 ;
in:270 out:269 type:P dur:2 cpbdur:2 q:26.03 aq:21.41 tex:6534 mv:250 misc:200 imb:8 pmb:57 smb:115 d:- ref:0 ;
in:269 out:270 type:b dur:2 cpbdur:2 q:26.03 aq:25.87 tex:1449 mv:159 misc:120 imb:0 pmb:16 smb:164 d:- ref:0 ;
in:272 out:271 type:P dur:2 cpbdur:2 q:26.03 aq:21.89 tex:103 mv:29 misc:164 imb:0 pmb:7 smb:173 d:- ref:0 ;
in:271 out:272 type:b dur:2 cpbdur:2 q:26.03 aq:24.00 tex:0 mv:0 misc:96 imb:0 pmb:0 smb:180 d:- ref:0 ;
in:273 out:273 type:P dur:2 cpbdur:2 q:26.03 aq:25.53 tex:4239 mv:204 misc:157 imb:7 pmb:25 smb:148 d:- ref:0 ;
in:274 out:274 type:i dur:2 cpbdur:2 q:23.12 aq:18.51 tex:45346 mv:6614 misc:88 imb:180 pmb:0 smb:0 d:- ref:;
in:278 out:275 type:P dur:2 cpbdur:2 q:26.03 aq:22.27 tex:6069 mv:1113 misc:210 imb:16 pmb:121 smb:43 d:- ref:0 ;
in:276 out:276 type:B dur:2 cpbdur:2 q:26.03 aq:24.06 tex:2695 mv:982 misc:211 imb:6 pmb:70 smb:104 d:- ref:0 ;
in:275 out:277 type:b dur:2 cpbdur:2 q:26.03 aq:24.00 tex:7 mv:21 misc:124 imb:0 pmb:6 smb:174 d:- ref:0 ;
in:277 out:278 type:b dur:2 cpbdur:2 q:26.03 aq:24.00 tex:5 mv:3 misc:104 imb:0 pmb:1 smb:179 d:- ref:0 ;
in:279 out:279 type:P dur:2 cpbdur:2 q:26.03 aq:22.21 tex:5128 mv:809 misc:239 imb:13 pmb:108 smb:59 d:- ref:0 ;
in:283 out:280 type:P dur:2 cpbdur:2 q:26.03 aq:22.93 tex:9803 mv:1143 misc:190 imb:36 pmb:110 smb:34 d:- ref:0 ;
in:281 out:281 type:B dur:2 cpbdur:2 q:26.03 aq:24.19 tex:4153 mv:958 misc:217 imb:8 pmb:74 smb:98 d:- ref:0 ;
in:280 out:282 type:b dur:2 cpbdur:2 q:26.03 aq:19.67 tex:28 mv:8 misc:108 imb:0 pmb:2 smb:178 d:- ref:0 ;
in:282 out:283 type:b dur:2 cpbdur:2 q:26.03 aq:19.67 tex:25 mv:16 misc:111 imb:1 pmb:1 smb:178 d:- ref:0 ;
in:284 out:284 type:P dur:2 cpbdur:2 q:26.03 aq:22.70 tex:7080 mv:944 misc:248 imb:17 pmb:114 smb:49 d:- ref:0 ;
in:285 out:285 type:P dur:2 cpbdur:2 q:26.03 aq:23.07 tex:7575 mv:902 misc:235 imb:16 pmb:128 smb:36 d:- ref:0 ;
in:287 out:286 type:P dur:2 cpbdur:2 q:26.03 aq:22.71 tex:6826 mv:948 misc:242 imb:15 pmb:129 smb:36 d:- ref:0 ;
in:286 out:287 type:b dur:2 cpbdur:2 q:26.03 aq:28.36 tex:29 mv:10 misc:113 imb:0 pmb:3 smb:177 d:- ref:0 ;
in:289 out:288 type:P dur:2 cpbdur:2 q:26.03 aq:22.80 tex:8321 mv:1163 misc:212 imb:21 pmb:135 smb:24 d:- ref:0 ;
in:288 out:289 type:b dur:2 cpbdur:2 q:26.03 aq:27.85 tex:3186 mv:706 misc:204 imb:15 pmb:44 smb:121 d:- ref:0 ;
in:290 out:290 type:P dur:2 cpbdur:2 q:26.03 aq:22.59 tex:7517 mv:1046 misc:221 imb:28 pmb:104 smb:48 d:- ref:0 ;
in:292 out:291 type:P dur:2 cpbdur:2 q:26.03 aq:23.04 tex:8587 mv:929 misc:236 imb:24 pmb:115 smb:41 d:- ref:0 ;
in:291 out:292 type:b dur:2 cpbdur:2 q:26.03 aq:23.00 tex:6 mv:11 misc:111 imb:0 pmb:3 smb:177 d:- ref:0 ;
in:294 out:293 type:P dur:2 cpbdur:2 q:26.03 aq:22.96 tex:8270 mv:1108 misc:198 imb:25 pmb:126 smb:29 d:- ref:0 ;
in:293 out:294 type:b dur:2 cpbdur:2 q:26.03 aq:26.89 tex:3381 mv:713 misc:186 imb:17 pmb:38 smb:125 d:- ref:0 ;
in:298 out:295 type:P dur:2 cpbdur:2 q:26.03 aq:22.16 tex:10425 mv:1324 misc:187 imb:35 pmb:120 smb:25 d:- ref:0 ;
in:296 out:296 type:B dur:2 cpbdur:2 q:26.03 aq:23.34 tex:2315 mv:848 misc:245 imb:4 pmb:70 smb:106 d:- ref:0 ;
in:295 out:297 type:b dur:2 cpbdur:2 q:26.03 aq:26.69 tex:2565 mv:636 misc:215 imb:9 pmb:54 smb:117 d:- ref:0 ;
in:297 out:298 type:b dur:2 cpbdur:2 q:26.03 aq:24.00 tex:23 mv:8 misc:105 imb:0 pmb:2 smb:178 d:- ref:0 ;
in:300 out:299 type:P dur:2 cpbdur:2 q:26.03 aq:21.65 tex:8247 mv:1092 misc:229 imb:14 pmb:137 smb:29 d:- ref:0 ;
in:299 out:300 type:b dur:2 cpbdur:2 q:26.03 aq:26.12 tex:641 mv:339 misc:188 imb:0 pmb:41 smb:139 d:- ref:0 ;
in:304 out:301 type:P dur:2 cpbdur:2 q:26.03 aq:23.42 tex:4843 mv:1233 misc:228 imb:17 pmb:122 smb:41 d:- ref:0 ;
in:302 out:302 type:B dur:2 cpbdur:2 q:26.03 aq:18.71 tex:32 mv:11 misc:125 imb:0 pmb:3 smb:177 d:- ref:0 ;
in:301 out:303 type:b dur:2 cpbdur:2 q:26.03 aq:20.73 tex:20 mv:4 misc:104 imb:0 pmb:1 smb:179 d:- ref:0 ;
in:303 out:304 type:b dur:2 cpbdur:2 q:26.03 aq:27.48 tex:3691 mv:774 misc:199 imb:7 pmb:61 smb:112 d:- ref:0 ;
in:307 out:305 type:P dur:2 cpbdur:2 q:26.03 aq:25.95 tex:1659 mv:585 misc:220 imb:8 pmb:54 smb:118 d:- ref:0 ;
in:305 out:306 type:B dur:2 cpbdur:2 q:26.03 aq:25.22 tex:77 mv:86 misc:173 imb:0 pmb:17 smb:163 d:- ref:0 ;
in:306 out:307 type:b dur:2 cpbdur:2 q:26.03 aq:21.53 tex:19 mv:4 misc:105 imb:0 pmb:1 smb:179 d:- ref:0 ;
in:308 out:308 type:I dur:2 cpbdur:2 q:23.12 aq:19.07 tex:71267 mv:7553 misc:100 imb:180 pmb:0 smb:0 d:- ref:;
in:310 out:309 type:P dur:2 cpbdur:2 q:26.03 aq:23.03 tex:10098 mv:789 misc:217 imb:4 pmb:101 smb:75 d:- ref:0 ;
in:309 out:310 type:b dur:2 cpbdur:2 q:26.03 aq:29.54 tex:1019 mv:701 misc:200 imb:0 pmb:44 smb:136 d:- ref:0 ;
in:314 out:311 type:P dur:2 cpbdur:2 q:26.03 aq:23.58 tex:13941 mv:960 misc:219 imb:4 pmb:113 smb:63 d:- ref:0 ;
in:312 out:312 type:B dur:2 cpbdur:2 q:26.03 aq:26.42 tex:5076 mv:972 misc:224 imb:0 pmb:87 smb:93 d:- ref:0 ;
in:311 out:313 type:b dur:2 cpbdur:2 q:26.03 aq:23.43 tex:33 mv:89 misc:206 imb:0 pmb:34 smb:146 d:- ref:0 ;
in:313 out:314 type:b dur:2 cpbdur:2 q:26.03 aq:25.96 tex:2328 mv:741 misc:211 imb:0 pmb:56 smb:124 d:- ref:0 ;
in:316 out:315 type:P dur:2 cpbdur:2 q:26.03 aq:23.07 tex:16998 mv:1096 misc:218 imb:11 pmb:107 smb:62 d:- ref:0 ;
in:315 out:316 type:b dur:2 cpbdur:2 q:26.03 aq:29.39 tex:3217 mv:1078 misc:209 imb:0 pmb:72 smb:108 d:- ref:0 ;
in:318 out:317 type:P dur:2 cpbdur:2 q:26.03 aq:25.33 tex:11018 mv:947 misc:203 imb:4 pmb:108 smb:68 d:- ref:0 ;
in:317 out:318 type:b dur:2 cpbdur:2 q:26.03 aq:23.71 tex:39 mv:90 misc:207 imb:0 pmb:34 smb:146 d:- ref:0 ;
in:321 out:319 type:P dur:2 cpbdur:2 q:26.03 aq:24.92 tex:20881 mv:1418 misc:181 imb:28 pmb:97 smb:55 d:- ref:0 ;
in:319 out:320 type:B dur:2 cpbdur:2 q:26.03 aq:27.39 tex:6975 mv:1554 misc:215 imb:2 pmb:92 smb:86 d:- ref:0 ;
in:320 out:321 type:b dur:2 cpbdur:2 q:26.03 aq:28.62 tex:4585 mv:1279 misc:224 imb:0 pmb:83 smb:97 d:- ref:0 ;
in:323 out:322 type:P dur:2 cpbdur:2 q:26.03 aq:27.94 tex:7854 mv:1006 misc:220 imb:7 pmb:99 smb:74 d:- ref:0 ;
in:322 out:323 type:b dur:2 cpbdur:2 q:26.03 aq:26.94 tex:105 mv:99 misc:188 imb:0 pmb:33 smb:147 d:- ref:0 ;
in:324 out:324 type:i dur:2 cpbdur:2 q:23.12 aq:22.48 tex:27075 mv:7285 misc:88 imb:180 pmb:0 smb:0 d:- ref:;
in:326 out:325 type:P dur:2 cpbdur:2 q:26.03 aq:24.26 tex:29626 mv:1988 misc:130 imb:83 pmb:97 smb:0 d:- ref:0 ;
in:325 out:326 type:b dur:2 cpbdur:2 q:26.03 aq:26.06 tex:8910 mv:2596 misc:166 imb:24 pmb:146 smb:10 d:- ref:0 ;
in:329 out:327 type:P dur:2 cpbdur:2 q:26.03 aq:26.26 tex:18280 mv:1993 misc:103 imb:108 pmb:72 smb:0 d:- ref:0 ;
in:327 out:328 type:B dur:2 cpbdur:2 q:26.03 aq:25.82 tex:59 mv:13 misc:136 imb:0 pmb:4 smb:176 d:- ref:0 ;
in:328 out:329 type:b dur:2 cpbdur:2 q:26.03 aq:26.18 tex:12200 mv:2752 misc:136 imb:36 pmb:137 smb:7 d:- ref:0 ;
